#! /usr/bin/vvp
:ivl_version "10.3 (stable)";
:ivl_delay_selection "TYPICAL";
:vpi_time_precision + 0;
:vpi_module "system";
:vpi_module "vhdl_sys";
:vpi_module "v2005_math";
:vpi_module "va_math";
S_0x55982536e030 .scope module, "decoder" "decoder" 2 1;
 .timescale 0 0;
    .port_info 0 /INPUT 4 "sec_ones"
    .port_info 1 /INPUT 4 "sec_tens"
    .port_info 2 /INPUT 4 "min"
    .port_info 3 /OUTPUT 7 "sec_ones_segs"
    .port_info 4 /OUTPUT 7 "sec_tens_segs"
    .port_info 5 /OUTPUT 7 "min_segs"
L_0x7f17ab07e018 .functor BUFT 1, C4<0000>, C4<0>, C4<0>, C4<0>;
v0x55982536e250_0 .net/2u *"_s0", 3 0, L_0x7f17ab07e018;  1 drivers
L_0x7f17ab07e0f0 .functor BUFT 1, C4<00110000>, C4<0>, C4<0>, C4<0>;
v0x5598253b3ba0_0 .net/2u *"_s10", 7 0, L_0x7f17ab07e0f0;  1 drivers
L_0x7f17ab07e138 .functor BUFT 1, C4<xxxxxxxx>, C4<0>, C4<0>, C4<0>;
v0x5598253b3c80_0 .net *"_s12", 7 0, L_0x7f17ab07e138;  1 drivers
v0x5598253b3d40_0 .net *"_s14", 7 0, L_0x5598253b4c40;  1 drivers
v0x5598253b3e20_0 .net *"_s16", 7 0, L_0x5598253b4dd0;  1 drivers
v0x5598253b3f50_0 .net *"_s2", 0 0, L_0x5598253b4920;  1 drivers
L_0x7f17ab07e060 .functor BUFT 1, C4<01111110>, C4<0>, C4<0>, C4<0>;
v0x5598253b4010_0 .net/2u *"_s4", 7 0, L_0x7f17ab07e060;  1 drivers
L_0x7f17ab07e0a8 .functor BUFT 1, C4<0001>, C4<0>, C4<0>, C4<0>;
v0x5598253b40f0_0 .net/2u *"_s6", 3 0, L_0x7f17ab07e0a8;  1 drivers
v0x5598253b41d0_0 .net *"_s8", 0 0, L_0x5598253b4a80;  1 drivers
o0x7f17ab0c71c8 .functor BUFZ 4, C4<zzzz>; HiZ drive
v0x5598253b4320_0 .net "min", 3 0, o0x7f17ab0c71c8;  0 drivers
o0x7f17ab0c71f8 .functor BUFZ 7, C4<zzzzzzz>; HiZ drive
v0x5598253b4400_0 .net "min_segs", 6 0, o0x7f17ab0c71f8;  0 drivers
o0x7f17ab0c7228 .functor BUFZ 4, C4<zzzz>; HiZ drive
v0x5598253b44e0_0 .net "sec_ones", 3 0, o0x7f17ab0c7228;  0 drivers
v0x5598253b45c0_0 .net "sec_ones_segs", 6 0, L_0x5598253b4f90;  1 drivers
o0x7f17ab0c7288 .functor BUFZ 4, C4<zzzz>; HiZ drive
v0x5598253b46a0_0 .net "sec_tens", 3 0, o0x7f17ab0c7288;  0 drivers
o0x7f17ab0c72b8 .functor BUFZ 7, C4<zzzzzzz>; HiZ drive
v0x5598253b4780_0 .net "sec_tens_segs", 6 0, o0x7f17ab0c72b8;  0 drivers
L_0x5598253b4920 .cmp/eq 4, o0x7f17ab0c7228, L_0x7f17ab07e018;
L_0x5598253b4a80 .cmp/eq 4, o0x7f17ab0c7228, L_0x7f17ab07e0a8;
L_0x5598253b4c40 .functor MUXZ 8, L_0x7f17ab07e138, L_0x7f17ab07e0f0, L_0x5598253b4a80, C4<>;
L_0x5598253b4dd0 .functor MUXZ 8, L_0x5598253b4c40, L_0x7f17ab07e060, L_0x5598253b4920, C4<>;
L_0x5598253b4f90 .part L_0x5598253b4dd0, 0, 7;
# The file index is used to find the file name in the following table.
:file_names 3;
    "N/A";
    "<interactive>";
    "decoder.v";
