#! /usr/bin/vvp
:ivl_version "10.3 (stable)";
:ivl_delay_selection "TYPICAL";
:vpi_time_precision - 12;
:vpi_module "system";
:vpi_module "vhdl_sys";
:vpi_module "v2005_math";
:vpi_module "va_math";
S_0x563692034ac0 .scope module, "control_tb" "control_tb" 2 2;
 .timescale -9 -12;
v0x563692051950_0 .var "clearn_TB", 0 0;
v0x563692051a40_0 .var "doorClosed_TB", 0 0;
v0x563692051b10_0 .net "magOn_TB", 0 0, v0x563692051380_0;  1 drivers
v0x563692051c10_0 .var "startn_TB", 0 0;
v0x563692051ce0_0 .var "stopn_TB", 0 0;
v0x563692051d80_0 .var "timerDone_TB", 0 0;
S_0x563691ff7030 .scope module, "DUT" "control" 2 8, 3 1 0, S_0x563692034ac0;
 .timescale -9 -12;
    .port_info 0 /INPUT 1 "startn"
    .port_info 1 /INPUT 1 "stopn"
    .port_info 2 /INPUT 1 "clearn"
    .port_info 3 /INPUT 1 "door_closed"
    .port_info 4 /INPUT 1 "timer_done"
    .port_info 5 /OUTPUT 1 "mag_on"
v0x563692051200_0 .net "clearn", 0 0, v0x563692051950_0;  1 drivers
v0x5636920512c0_0 .net "door_closed", 0 0, v0x563692051a40_0;  1 drivers
v0x563692051380_0 .var "mag_on", 0 0;
v0x563692051420_0 .net "rQ", 0 0, L_0x563692052740;  1 drivers
v0x5636920514f0_0 .var "rR", 0 0;
v0x5636920515e0_0 .var "rS", 0 0;
v0x5636920516b0_0 .net "startn", 0 0, v0x563692051c10_0;  1 drivers
v0x563692051750_0 .net "stopn", 0 0, v0x563692051ce0_0;  1 drivers
v0x5636920517f0_0 .net "timer_done", 0 0, v0x563692051d80_0;  1 drivers
E_0x563692030f60/0 .event edge, v0x5636920517f0_0, v0x5636920512c0_0, v0x563692051200_0, v0x563692051750_0;
E_0x563692030f60/1 .event edge, v0x5636920516b0_0;
E_0x563692030f60 .event/or E_0x563692030f60/0, E_0x563692030f60/1;
S_0x563691ff72d0 .scope module, "LSR_ON" "latchsr" 3 8, 4 1 0, S_0x563691ff7030;
 .timescale 0 0;
    .port_info 0 /OUTPUT 1 "Q"
    .port_info 1 /INPUT 1 "R"
    .port_info 2 /INPUT 1 "S"
L_0x563692052740 .functor BUFZ 1, v0x563692050fb0_0, C4<0>, C4<0>, C4<0>;
v0x56369202d9f0_0 .net "Q", 0 0, L_0x563692052740;  alias, 1 drivers
v0x563692050e50_0 .net "R", 0 0, v0x5636920514f0_0;  1 drivers
v0x563692050f10_0 .net "S", 0 0, v0x5636920515e0_0;  1 drivers
v0x563692050fb0_0 .var "rQ", 0 0;
v0x563692051070_0 .var "rQn", 0 0;
E_0x563692031190 .event edge, v0x563692050f10_0, v0x563692050e50_0;
S_0x563692034c40 .scope module, "latchsr_tb" "latchsr_tb" 5 2;
 .timescale -9 -12;
v0x5636920524d0_0 .net "Q_TB", 0 0, L_0x563692052800;  1 drivers
v0x563692052570_0 .var "R_TB", 0 0;
v0x563692052640_0 .var "S_TB", 0 0;
S_0x563692051e50 .scope module, "DUT" "latchsr" 5 7, 4 1 0, S_0x563692034c40;
 .timescale 0 0;
    .port_info 0 /OUTPUT 1 "Q"
    .port_info 1 /INPUT 1 "R"
    .port_info 2 /INPUT 1 "S"
L_0x563692052800 .functor BUFZ 1, v0x5636920522a0_0, C4<0>, C4<0>, C4<0>;
v0x563692052090_0 .net "Q", 0 0, L_0x563692052800;  alias, 1 drivers
v0x563692052130_0 .net "R", 0 0, v0x563692052570_0;  1 drivers
v0x5636920521d0_0 .net "S", 0 0, v0x563692052640_0;  1 drivers
v0x5636920522a0_0 .var "rQ", 0 0;
v0x563692052340_0 .var "rQn", 0 0;
E_0x563692031be0 .event edge, v0x5636920521d0_0, v0x563692052130_0;
    .scope S_0x563691ff72d0;
T_0 ;
    %wait E_0x563692031190;
    %load/vec4 v0x563692050e50_0;
    %load/vec4 v0x563692050f10_0;
    %cmp/ne;
    %flag_mov 8, 4;
    %load/vec4 v0x563692050f10_0;
    %pad/u 32;
    %cmpi/e 0, 0, 32;
    %flag_or 4, 8;
    %jmp/0xz  T_0.0, 4;
    %load/vec4 v0x563692050e50_0;
    %load/vec4 v0x563692051070_0;
    %and;
    %nor/r;
    %store/vec4 v0x563692050fb0_0, 0, 1;
    %load/vec4 v0x563692050f10_0;
    %load/vec4 v0x563692050fb0_0;
    %and;
    %nor/r;
    %store/vec4 v0x563692051070_0, 0, 1;
T_0.0 ;
    %jmp T_0;
    .thread T_0, $push;
    .scope S_0x563691ff7030;
T_1 ;
    %pushi/vec4 0, 0, 1;
    %store/vec4 v0x5636920515e0_0, 0, 1;
    %pushi/vec4 0, 0, 1;
    %store/vec4 v0x5636920514f0_0, 0, 1;
    %end;
    .thread T_1;
    .scope S_0x563691ff7030;
T_2 ;
    %wait E_0x563692030f60;
    %load/vec4 v0x5636920516b0_0;
    %nor/r;
    %load/vec4 v0x5636920512c0_0;
    %and;
    %flag_set/vec4 8;
    %jmp/0xz  T_2.0, 8;
    %pushi/vec4 1, 0, 1;
    %store/vec4 v0x5636920515e0_0, 0, 1;
    %pushi/vec4 0, 0, 1;
    %store/vec4 v0x5636920514f0_0, 0, 1;
    %load/vec4 v0x563692051420_0;
    %store/vec4 v0x563692051380_0, 0, 1;
    %jmp T_2.1;
T_2.0 ;
    %load/vec4 v0x563692051750_0;
    %nor/r;
    %flag_set/vec4 8;
    %load/vec4 v0x5636920517f0_0;
    %flag_set/vec4 9;
    %flag_or 9, 8;
    %load/vec4 v0x5636920512c0_0;
    %nor/r;
    %flag_set/vec4 8;
    %flag_or 8, 9;
    %jmp/0xz  T_2.2, 8;
    %pushi/vec4 0, 0, 1;
    %store/vec4 v0x5636920515e0_0, 0, 1;
    %pushi/vec4 1, 0, 1;
    %store/vec4 v0x5636920514f0_0, 0, 1;
    %load/vec4 v0x563692051420_0;
    %store/vec4 v0x563692051380_0, 0, 1;
    %jmp T_2.3;
T_2.2 ;
    %pushi/vec4 0, 0, 1;
    %store/vec4 v0x5636920515e0_0, 0, 1;
    %pushi/vec4 0, 0, 1;
    %store/vec4 v0x5636920514f0_0, 0, 1;
    %load/vec4 v0x563692051420_0;
    %store/vec4 v0x563692051380_0, 0, 1;
T_2.3 ;
T_2.1 ;
    %jmp T_2;
    .thread T_2, $push;
    .scope S_0x563692034ac0;
T_3 ;
    %vpi_call 2 16 "$dumpfile", "control_tb.vcd" {0 0 0};
    %vpi_call 2 17 "$dumpvars", 32'sb00000000000000000000000000000000, S_0x563692034ac0 {0 0 0};
    %pushi/vec4 0, 0, 1;
    %store/vec4 v0x563692051c10_0, 0, 1;
    %pushi/vec4 0, 0, 1;
    %store/vec4 v0x563692051ce0_0, 0, 1;
    %pushi/vec4 0, 0, 1;
    %store/vec4 v0x563692051950_0, 0, 1;
    %pushi/vec4 0, 0, 1;
    %store/vec4 v0x563692051d80_0, 0, 1;
    %pushi/vec4 0, 0, 1;
    %store/vec4 v0x563692051a40_0, 0, 1;
    %delay 10000, 0;
    %pushi/vec4 0, 0, 1;
    %store/vec4 v0x563692051c10_0, 0, 1;
    %pushi/vec4 0, 0, 1;
    %store/vec4 v0x563692051ce0_0, 0, 1;
    %pushi/vec4 0, 0, 1;
    %store/vec4 v0x563692051950_0, 0, 1;
    %pushi/vec4 0, 0, 1;
    %store/vec4 v0x563692051d80_0, 0, 1;
    %pushi/vec4 0, 0, 1;
    %store/vec4 v0x563692051a40_0, 0, 1;
    %delay 10000, 0;
    %pushi/vec4 0, 0, 1;
    %store/vec4 v0x563692051c10_0, 0, 1;
    %pushi/vec4 1, 0, 1;
    %store/vec4 v0x563692051ce0_0, 0, 1;
    %pushi/vec4 0, 0, 1;
    %store/vec4 v0x563692051950_0, 0, 1;
    %pushi/vec4 1, 0, 1;
    %store/vec4 v0x563692051d80_0, 0, 1;
    %pushi/vec4 0, 0, 1;
    %store/vec4 v0x563692051a40_0, 0, 1;
    %delay 10000, 0;
    %pushi/vec4 0, 0, 1;
    %store/vec4 v0x563692051c10_0, 0, 1;
    %pushi/vec4 1, 0, 1;
    %store/vec4 v0x563692051ce0_0, 0, 1;
    %pushi/vec4 0, 0, 1;
    %store/vec4 v0x563692051950_0, 0, 1;
    %pushi/vec4 1, 0, 1;
    %store/vec4 v0x563692051d80_0, 0, 1;
    %pushi/vec4 0, 0, 1;
    %store/vec4 v0x563692051a40_0, 0, 1;
    %delay 10000, 0;
    %pushi/vec4 1, 0, 1;
    %store/vec4 v0x563692051c10_0, 0, 1;
    %pushi/vec4 0, 0, 1;
    %store/vec4 v0x563692051ce0_0, 0, 1;
    %pushi/vec4 1, 0, 1;
    %store/vec4 v0x563692051950_0, 0, 1;
    %pushi/vec4 0, 0, 1;
    %store/vec4 v0x563692051d80_0, 0, 1;
    %pushi/vec4 1, 0, 1;
    %store/vec4 v0x563692051a40_0, 0, 1;
    %delay 10000, 0;
    %pushi/vec4 1, 0, 1;
    %store/vec4 v0x563692051c10_0, 0, 1;
    %pushi/vec4 0, 0, 1;
    %store/vec4 v0x563692051ce0_0, 0, 1;
    %pushi/vec4 1, 0, 1;
    %store/vec4 v0x563692051950_0, 0, 1;
    %pushi/vec4 0, 0, 1;
    %store/vec4 v0x563692051d80_0, 0, 1;
    %pushi/vec4 1, 0, 1;
    %store/vec4 v0x563692051a40_0, 0, 1;
    %delay 10000, 0;
    %pushi/vec4 0, 0, 1;
    %store/vec4 v0x563692051c10_0, 0, 1;
    %pushi/vec4 0, 0, 1;
    %store/vec4 v0x563692051ce0_0, 0, 1;
    %pushi/vec4 0, 0, 1;
    %store/vec4 v0x563692051950_0, 0, 1;
    %pushi/vec4 0, 0, 1;
    %store/vec4 v0x563692051d80_0, 0, 1;
    %pushi/vec4 0, 0, 1;
    %store/vec4 v0x563692051a40_0, 0, 1;
    %end;
    .thread T_3;
    .scope S_0x563692051e50;
T_4 ;
    %wait E_0x563692031be0;
    %load/vec4 v0x563692052130_0;
    %load/vec4 v0x5636920521d0_0;
    %cmp/ne;
    %flag_mov 8, 4;
    %load/vec4 v0x5636920521d0_0;
    %pad/u 32;
    %cmpi/e 0, 0, 32;
    %flag_or 4, 8;
    %jmp/0xz  T_4.0, 4;
    %load/vec4 v0x563692052130_0;
    %load/vec4 v0x563692052340_0;
    %and;
    %nor/r;
    %store/vec4 v0x5636920522a0_0, 0, 1;
    %load/vec4 v0x5636920521d0_0;
    %load/vec4 v0x5636920522a0_0;
    %and;
    %nor/r;
    %store/vec4 v0x563692052340_0, 0, 1;
T_4.0 ;
    %jmp T_4;
    .thread T_4, $push;
    .scope S_0x563692034c40;
T_5 ;
    %vpi_call 5 11 "$dumpfile", "latchsr_tb.vcd" {0 0 0};
    %vpi_call 5 12 "$dumpvars", 32'sb00000000000000000000000000000000, S_0x563692034c40 {0 0 0};
    %pushi/vec4 0, 0, 1;
    %store/vec4 v0x563692052640_0, 0, 1;
    %pushi/vec4 0, 0, 1;
    %store/vec4 v0x563692052570_0, 0, 1;
    %delay 10000, 0;
    %pushi/vec4 0, 0, 1;
    %store/vec4 v0x563692052640_0, 0, 1;
    %pushi/vec4 0, 0, 1;
    %store/vec4 v0x563692052570_0, 0, 1;
    %delay 10000, 0;
    %pushi/vec4 0, 0, 1;
    %store/vec4 v0x563692052640_0, 0, 1;
    %pushi/vec4 1, 0, 1;
    %store/vec4 v0x563692052570_0, 0, 1;
    %delay 10000, 0;
    %pushi/vec4 0, 0, 1;
    %store/vec4 v0x563692052640_0, 0, 1;
    %pushi/vec4 1, 0, 1;
    %store/vec4 v0x563692052570_0, 0, 1;
    %delay 10000, 0;
    %pushi/vec4 1, 0, 1;
    %store/vec4 v0x563692052640_0, 0, 1;
    %pushi/vec4 0, 0, 1;
    %store/vec4 v0x563692052570_0, 0, 1;
    %delay 10000, 0;
    %pushi/vec4 1, 0, 1;
    %store/vec4 v0x563692052640_0, 0, 1;
    %pushi/vec4 0, 0, 1;
    %store/vec4 v0x563692052570_0, 0, 1;
    %delay 10000, 0;
    %pushi/vec4 0, 0, 1;
    %store/vec4 v0x563692052640_0, 0, 1;
    %pushi/vec4 0, 0, 1;
    %store/vec4 v0x563692052570_0, 0, 1;
    %end;
    .thread T_5;
# The file index is used to find the file name in the following table.
:file_names 6;
    "N/A";
    "<interactive>";
    "control_tb.v";
    "control.v";
    "latchsr.v";
    "latchsr_tb.v";
